15:07:58 **** Incremental Build of configuration Default for project sdklibs ****
make -j4 all 
"Building : C:/devel/yard-ice/src/sdk/libcm3-all"
"Building : C:/devel/yard-ice/src/sdk/libstm32f-all"
"Building : C:/devel/yard-ice/src/sdk/libstm32drv-all"
"Building : C:/devel/yard-ice/src/sdk/libutil-all"
make[1]: Entering directory `C:/devel/yard-ice/src/sdk/libcm3'
"Creating outdir: C:\devel\yard-ice\src\board\slcdev-hub\sdklibs\Release\libcm3/"
make[1]: Entering directory `C:/devel/yard-ice/src/sdk/libutil'
make[1]: Entering directory `C:/devel/yard-ice/src/sdk/libstm32drv'
make[1]: Entering directory `C:/devel/yard-ice/src/sdk/libstm32f'
"Creating outdir: C:\devel\yard-ice\src\board\slcdev-hub\sdklibs\Release\libstm32drv/"
"Creating outdir: C:\devel\yard-ice\src\board\slcdev-hub\sdklibs\Release\libutil/"
make[1]: Nothing to be done for `all'.
make[1]: Leaving directory `C:/devel/yard-ice/src/sdk/libcm3'
"Creating outdir: C:\devel\yard-ice\src\board\slcdev-hub\sdklibs\Release\libstm32f/"
make[1]: Nothing to be done for `all'.
make[1]: Leaving directory `C:/devel/yard-ice/src/sdk/libutil'
"Building : C:/devel/yard-ice/src/sdk/libc-all"
"Creating outdir: C:\devel\yard-ice\src\board\slcdev-hub\sdklibs\Release\libstm32drv/serial/"
"Building : C:/devel/yard-ice/src/sdk/libconsole-all"
"Creating outdir: C:\devel\yard-ice\src\board\slcdev-hub\sdklibs\Release\libstm32f/otg_fs/"
make[1]: Entering directory `C:/devel/yard-ice/src/sdk/libc'
make[1]: Nothing to be done for `all'.
make[1]: Leaving directory `C:/devel/yard-ice/src/sdk/libstm32drv'
make[1]: Entering directory `C:/devel/yard-ice/src/sdk/libconsole'
"Creating outdir: C:\devel\yard-ice\src\board\slcdev-hub\sdklibs\Release\libc/"
"Creating outdir: C:\devel\yard-ice\src\board\slcdev-hub\sdklibs\Release\libconsole/"
"Building : C:/devel/yard-ice/src/sdk/libtty-all"
"Creating outdir: C:\devel\yard-ice\src\board\slcdev-hub\sdklibs\Release\libstm32f/otg_hs/"
make[1]: Nothing to be done for `all'.
make[1]: Leaving directory `C:/devel/yard-ice/src/sdk/libconsole'
make[1]: Entering directory `C:/devel/yard-ice/src/sdk/libtty'
"Creating outdir: C:\devel\yard-ice\src\board\slcdev-hub\sdklibs\Release\libc/inet/"
"Building : C:/devel/yard-ice/src/sdk/libshell-all"
"Creating outdir: C:\devel\yard-ice\src\board\slcdev-hub\sdklibs\Release\libtty/"
"Creating outdir: C:\devel\yard-ice\src\board\slcdev-hub\sdklibs\Release\libstm32f/usart/"
make[1]: Nothing to be done for `all'.
make[1]: Leaving directory `C:/devel/yard-ice/src/sdk/libtty'
make[1]: Entering directory `C:/devel/yard-ice/src/sdk/libshell'
"Creating outdir: C:\devel\yard-ice\src\board\slcdev-hub\sdklibs\Release\libshell/"
"Creating outdir: C:\devel\yard-ice\src\board\slcdev-hub\sdklibs\Release\libstm32f/usb_fs/"
make[1]: Nothing to be done for `all'.
make[1]: Leaving directory `C:/devel/yard-ice/src/sdk/libc'
"Building : C:/devel/yard-ice/src/sdk/libtrace-all"
"Building : C:/devel/yard-ice/src/sdk/libtcpip-all"
make[1]: Entering directory `C:/devel/yard-ice/src/sdk/libtrace'
make[1]: Nothing to be done for `all'.
make[1]: Leaving directory `C:/devel/yard-ice/src/sdk/libshell'
make[1]: Nothing to be done for `all'.
make[1]: Leaving directory `C:/devel/yard-ice/src/sdk/libstm32f'
"Creating outdir: C:\devel\yard-ice\src\board\slcdev-hub\sdklibs\Release\libtrace/"
"Building : C:/devel/yard-ice/src/sdk/libcrc-all"
"Building : C:/devel/yard-ice/src/sdk/libhttpd-all"
make[1]: Entering directory `C:/devel/yard-ice/src/sdk/libcrc'
make[1]: Nothing to be done for `all'.
make[1]: Leaving directory `C:/devel/yard-ice/src/sdk/libtrace'
make[1]: Entering directory `C:/devel/yard-ice/src/sdk/libhttpd'
"Building : C:/devel/yard-ice/src/sdk/libice-comm-all"
"Creating outdir: C:\devel\yard-ice\src\board\slcdev-hub\sdklibs\Release\libcrc/"
"Creating outdir: C:\devel\yard-ice\src\board\slcdev-hub\sdklibs\Release\libhttpd/"
make[1]: Entering directory `C:/devel/yard-ice/src/sdk/libtcpip'
make[1]: Entering directory `C:/devel/yard-ice/src/sdk/libice-comm'
make[1]: Nothing to be done for `all'.
make[1]: Leaving directory `C:/devel/yard-ice/src/sdk/libcrc'
"Creating outdir: C:\devel\yard-ice\src\board\slcdev-hub\sdklibs\Release\libtcpip/"
"Creating outdir: C:\devel\yard-ice\src\board\slcdev-hub\sdklibs\Release\libice-comm/"
make[1]: Nothing to be done for `all'.
make[1]: Leaving directory `C:/devel/yard-ice/src/sdk/libhttpd'
"Creating outdir: C:\devel\yard-ice\src\board\slcdev-hub\sdklibs\Release\libtcpip/arp/"
make[1]: Nothing to be done for `all'.
make[1]: Leaving directory `C:/devel/yard-ice/src/sdk/libice-comm'
"Creating outdir: C:\devel\yard-ice\src\board\slcdev-hub\sdklibs\Release\libtcpip/dhcp/"
"Creating outdir: C:\devel\yard-ice\src\board\slcdev-hub\sdklibs\Release\libtcpip/ifnet/"
"Creating outdir: C:\devel\yard-ice\src\board\slcdev-hub\sdklibs\Release\libtcpip/mbuf/"
"Creating outdir: C:\devel\yard-ice\src\board\slcdev-hub\sdklibs\Release\libtcpip/pcb/"
"Creating outdir: C:\devel\yard-ice\src\board\slcdev-hub\sdklibs\Release\libtcpip/raw/"
"Creating outdir: C:\devel\yard-ice\src\board\slcdev-hub\sdklibs\Release\libtcpip/tcp/"
"Creating outdir: C:\devel\yard-ice\src\board\slcdev-hub\sdklibs\Release\libtcpip/telnet/"
"Creating outdir: C:\devel\yard-ice\src\board\slcdev-hub\sdklibs\Release\libtcpip/udp/"
make[1]: Nothing to be done for `all'.
make[1]: Leaving directory `C:/devel/yard-ice/src/sdk/libtcpip'

15:08:00 Build Finished (took 1s.560ms)

