12:13:57 **** Incremental Build of configuration Debug for project compass ****
make all 
'Building file: ../compass.c'
'Invoking: Cross ARM C Compiler'
arm-none-eabi-gcc -mcpu=cortex-m4 -mthumb -O0 -Wall  -g3 -DTHINKAPP -DSTM32F303 -I"C:/devel/yard-ice/src/board/stm32f3discovery/compass/../include" -I"C:/devel/yard-ice/src/board/stm32f3discovery/compass/../../../sdk/include" -MMD -MP -MF"compass.d" -MT"compass.o" -c -o "compass.o" "../compass.c"
'Finished building: ../compass.c'
' '
'Building target: compass.elf'
'Invoking: Cross ARM C Linker'
arm-none-eabi-gcc -mcpu=cortex-m4 -mthumb -O0 -Wall  -g3 -T stm32f303xc.ld -nostdlib -L"C:/devel/yard-ice/src/board/stm32f3discovery/compass/.." -L"C:\devel\yard-ice\src\board\stm32f3discovery\sdklibs\Debug" -Wl,-Map,"compass.map" -o "compass.elf"  ./compass.o ./i2c-master.o ./lsm303dlhc.o   -lc -lutil -lstm32f -lcm3 -lconsole
'Finished building target: compass.elf'
' '
'Invoking: Cross ARM GNU Create Flash Image'
arm-none-eabi-objcopy -O ihex "compass.elf"  "compass.hex"
'Finished building: compass.hex'
' '
'Invoking: Cross ARM GNU Create Listing'
arm-none-eabi-objdump --source --all-headers --demangle --line-numbers --wide "compass.elf" > "compass.lst"
'Finished building: compass.lst'
' '
12:14:02 **** Incremental Build of configuration Debug for project compass ****
make all 
make: Nothing to be done for `all'.
